This is pdfTeX, Version 3.141592653-2.6-1.40.22 (TeX Live 2021) (preloaded format=pdflatex 2021.12.21)  22 DEC 2021 18:20
entering extended mode
 restricted \write18 enabled.
 %&-line parsing enabled.
**main.tex
(./main.tex
LaTeX2e <2020-10-01> patch level 4
L3 programming layer <2021-02-18>
(/usr/local/texlive/2021/texmf-dist/tex/latex/koma-script/scrartcl.cls
Document Class: scrartcl 2021/03/17 v3.33 KOMA-Script document class (article)
(/usr/local/texlive/2021/texmf-dist/tex/latex/koma-script/scrkbase.sty
Package: scrkbase 2021/03/17 v3.33 KOMA-Script package (KOMA-Script-dependent b
asics and keyval usage)

(/usr/local/texlive/2021/texmf-dist/tex/latex/koma-script/scrbase.sty
Package: scrbase 2021/03/17 v3.33 KOMA-Script package (KOMA-Script-independent 
basics and keyval usage)

(/usr/local/texlive/2021/texmf-dist/tex/latex/koma-script/scrlfile.sty
Package: scrlfile 2021/03/17 v3.33 KOMA-Script package (file load hooks)

(/usr/local/texlive/2021/texmf-dist/tex/latex/koma-script/scrlfile-hook.sty
Package: scrlfile-hook 2021/03/17 v3.33 KOMA-Script package (using LaTeX hooks)


LaTeX3 Info: Defining command \BeforeFile with sig. 'm' on line 61.


LaTeX3 Info: Defining command \AfterFile with sig. 'm' on line 65.


LaTeX3 Info: Defining command \BeforeClass with sig. 'm' on line 69.


LaTeX3 Info: Defining command \BeforePackage with sig. 'm' on line 73.


LaTeX3 Info: Defining command \AfterAtEndOfClass with sig. 'smo+m' on line 83.


LaTeX3 Info: Defining command \AfterAtEndOfPackage with sig. 'smo+m' on line
(LaTeX3)     93.


LaTeX3 Info: Defining command \scrlfile@AfterClass with sig. 'smo+m' on line
(LaTeX3)     173.


LaTeX3 Info: Defining command \AfterClass with sig. '' on line 174.


LaTeX3 Info: Defining command \scrlfile@AfterPackage with sig. 'smo+m' on line
(LaTeX3)     191.


LaTeX3 Info: Defining command \AfterPackage with sig. '' on line 192.


LaTeX3 Info: Defining command \ReplaceInput with sig. '' on line 193.


LaTeX3 Info: Defining command \ReplaceClass with sig. 'mm' on line 196.


LaTeX3 Info: Defining command \ReplacePackage with sig. 'mm' on line 199.


LaTeX3 Info: Defining command \UnReplaceInput with sig. '' on line 200.


LaTeX3 Info: Defining command \UnReplaceClass with sig. 'm' on line 203.


LaTeX3 Info: Defining command \UnReplacePackage with sig. 'mm' on line 206.


LaTeX3 Info: Defining command \PreventPackageFromLoading with sig. 's+om' on
(LaTeX3)     line 234.


LaTeX3 Info: Defining command \StorePreventPackageFromLoading with sig. 'm' on
(LaTeX3)     line 242.


LaTeX3 Info: Defining command \ResetPreventPackageFromLoading with sig. '' on
(LaTeX3)     line 247.


LaTeX3 Info: Defining command \UnPreventPackageFromLoading with sig. 'sm' on
(LaTeX3)     line 261.


LaTeX3 Info: Defining command \BeforeClosingMainAux with sig. 'om' on line
(LaTeX3)     274.


LaTeX3 Info: Defining command \AfterReadingMainAux with sig. 'om' on line 287.


LaTeX3 Info: Defining command \protected@immediate@write with sig. 'm+m+m' on
(LaTeX3)     line 298.


(/usr/local/texlive/2021/texmf-dist/tex/latex/koma-script/scrlogo.sty
Package: scrlogo 2021/03/17 v3.33 KOMA-Script package (logo)
)))
(/usr/local/texlive/2021/texmf-dist/tex/latex/graphics/keyval.sty
Package: keyval 2014/10/28 v1.15 key=value parser (DPC)
\KV@toks@=\toks15
)
Skipping: [2021/05/01] Usage of raw option list on input line 252.
Applying: [0000/00/00] compatibility for LaTeX before 2021/05/01 on input line 
337.
))
(/usr/local/texlive/2021/texmf-dist/tex/latex/koma-script/tocbasic.sty
Package: tocbasic 2021/03/17 v3.33 KOMA-Script package (handling toc-files)
\scr@dte@tocline@numberwidth=\skip47
\scr@dte@tocline@numbox=\box47
)
Package tocbasic Info: babel extension for `toc' omitted
(tocbasic)             because of missing \bbl@set@language on input line 135.
Class scrartcl Info: File `scrsize11pt.clo' used instead of
(scrartcl)           file `scrsize11.clo' to setup font sizes on input line 223
9.

(/usr/local/texlive/2021/texmf-dist/tex/latex/koma-script/scrsize11pt.clo
File: scrsize11pt.clo 2021/03/17 v3.33 KOMA-Script font size class option (11pt
)
)
(/usr/local/texlive/2021/texmf-dist/tex/latex/koma-script/typearea.sty
Package: typearea 2021/03/17 v3.33 KOMA-Script package (type area)
\ta@bcor=\skip48
\ta@div=\count179
\ta@hblk=\skip49
\ta@vblk=\skip50
\ta@temp=\skip51
\footheight=\skip52
Package typearea Info: These are the values describing the layout:
(typearea)             DIV  = 10
(typearea)             BCOR = 0.0pt
(typearea)             \paperwidth      = 597.50793pt
(typearea)              \textwidth      = 418.25555pt
(typearea)              DIV departure   = -6%
(typearea)              \evensidemargin = 17.3562pt
(typearea)              \oddsidemargin  = 17.3562pt
(typearea)             \paperheight     = 845.04694pt
(typearea)              \textheight     = 595.80026pt
(typearea)              \topmargin      = -25.16531pt
(typearea)              \headheight     = 17.0pt
(typearea)              \headsep        = 20.40001pt
(typearea)              \topskip        = 11.0pt
(typearea)              \footskip       = 47.6pt
(typearea)              \baselineskip   = 13.6pt
(typearea)              on input line 1741.
)
\c@part=\count180
\c@section=\count181
\c@subsection=\count182
\c@subsubsection=\count183
\c@paragraph=\count184
\c@subparagraph=\count185
\scr@dte@section@maxnumwidth=\skip53
Class scrartcl Info: using compatibility default `runin=bysign'
(scrartcl)           for `\section on input line 4846.
Class scrartcl Info: using compatibility default `afterindent=bysign'
(scrartcl)           for `\section on input line 4846.
\scr@dte@part@maxnumwidth=\skip54
Class scrartcl Info: using compatibility default `afterindent=false'
(scrartcl)           for `\part on input line 4854.
\scr@dte@subsection@maxnumwidth=\skip55
Class scrartcl Info: using compatibility default `runin=bysign'
(scrartcl)           for `\subsection on input line 4864.
Class scrartcl Info: using compatibility default `afterindent=bysign'
(scrartcl)           for `\subsection on input line 4864.
\scr@dte@subsubsection@maxnumwidth=\skip56
Class scrartcl Info: using compatibility default `runin=bysign'
(scrartcl)           for `\subsubsection on input line 4874.
Class scrartcl Info: using compatibility default `afterindent=bysign'
(scrartcl)           for `\subsubsection on input line 4874.
\scr@dte@paragraph@maxnumwidth=\skip57
Class scrartcl Info: using compatibility default `runin=bysign'
(scrartcl)           for `\paragraph on input line 4885.
Class scrartcl Info: using compatibility default `afterindent=bysign'
(scrartcl)           for `\paragraph on input line 4885.
\scr@dte@subparagraph@maxnumwidth=\skip58
Class scrartcl Info: using compatibility default `runin=bysign'
(scrartcl)           for `\subparagraph on input line 4895.
Class scrartcl Info: using compatibility default `afterindent=bysign'
(scrartcl)           for `\subparagraph on input line 4895.
\abovecaptionskip=\skip59
\belowcaptionskip=\skip60
\c@pti@nb@sid@b@x=\box48
Package tocbasic Info: babel extension for `lof' omitted
(tocbasic)             because of missing \bbl@set@language on input line 6127.

\scr@dte@figure@maxnumwidth=\skip61
\c@figure=\count186
Package tocbasic Info: babel extension for `lot' omitted
(tocbasic)             because of missing \bbl@set@language on input line 6139.

\scr@dte@table@maxnumwidth=\skip62
\c@table=\count187
Class scrartcl Info: Redefining `\numberline' on input line 6303.
\bibindent=\dimen138
)
(/usr/local/texlive/2021/texmf-dist/tex/latex/base/inputenc.sty
Package: inputenc 2020/08/01 v1.3d Input encoding file
\inpenc@prehook=\toks16
\inpenc@posthook=\toks17
)
(/usr/local/texlive/2021/texmf-dist/tex/latex/base/fontenc.sty
Package: fontenc 2020/08/10 v2.0s Standard LaTeX package
)
(/usr/local/texlive/2021/texmf-dist/tex/generic/babel/babel.sty
Package: babel 2021/03/24 3.56 The Babel package

(/usr/local/texlive/2021/texmf-dist/tex/generic/babel/babel.def
File: babel.def 2021/03/24 3.56 Babel common definitions
\babel@savecnt=\count188
\U@D=\dimen139
\l@babelnohyphens=\language87

(/usr/local/texlive/2021/texmf-dist/tex/generic/babel/txtbabel.def)
\bbl@readstream=\read2
)
\bbl@dirlevel=\count189

(/usr/local/texlive/2021/texmf-dist/tex/generic/babel-german/german.ldf
Language: german 2021/02/27 v2.13 German support for babel (pre-1996 orthograph
y)

(/usr/local/texlive/2021/texmf-dist/tex/generic/babel-german/germanb.ldf
Language: germanb 2021/02/27 v2.13 German support for babel (pre-1996 orthograp
hy)
Package babel Info: Making " an active character on input line 139.
)))
(/usr/local/texlive/2021/texmf-dist/tex/latex/hyperref/hyperref.sty
Package: hyperref 2021-02-27 v7.00k Hypertext links for LaTeX

(/usr/local/texlive/2021/texmf-dist/tex/generic/ltxcmds/ltxcmds.sty
Package: ltxcmds 2020-05-10 v1.25 LaTeX kernel commands for general use (HO)
)
(/usr/local/texlive/2021/texmf-dist/tex/generic/iftex/iftex.sty
Package: iftex 2020/03/06 v1.0d TeX engine tests
)
(/usr/local/texlive/2021/texmf-dist/tex/generic/pdftexcmds/pdftexcmds.sty
Package: pdftexcmds 2020-06-27 v0.33 Utility functions of pdfTeX for LuaTeX (HO
)

(/usr/local/texlive/2021/texmf-dist/tex/generic/infwarerr/infwarerr.sty
Package: infwarerr 2019/12/03 v1.5 Providing info/warning/error messages (HO)
)
Package pdftexcmds Info: \pdf@primitive is available.
Package pdftexcmds Info: \pdf@ifprimitive is available.
Package pdftexcmds Info: \pdfdraftmode found.
)
(/usr/local/texlive/2021/texmf-dist/tex/generic/kvsetkeys/kvsetkeys.sty
Package: kvsetkeys 2019/12/15 v1.18 Key value parser (HO)
)
(/usr/local/texlive/2021/texmf-dist/tex/generic/kvdefinekeys/kvdefinekeys.sty
Package: kvdefinekeys 2019-12-19 v1.6 Define keys (HO)
)
(/usr/local/texlive/2021/texmf-dist/tex/generic/pdfescape/pdfescape.sty
Package: pdfescape 2019/12/09 v1.15 Implements pdfTeX's escape features (HO)
)
(/usr/local/texlive/2021/texmf-dist/tex/latex/hycolor/hycolor.sty
Package: hycolor 2020-01-27 v1.10 Color options for hyperref/bookmark (HO)
)
(/usr/local/texlive/2021/texmf-dist/tex/latex/letltxmacro/letltxmacro.sty
Package: letltxmacro 2019/12/03 v1.6 Let assignment for LaTeX macros (HO)
)
(/usr/local/texlive/2021/texmf-dist/tex/latex/auxhook/auxhook.sty
Package: auxhook 2019-12-17 v1.6 Hooks for auxiliary files (HO)
)
(/usr/local/texlive/2021/texmf-dist/tex/latex/kvoptions/kvoptions.sty
Package: kvoptions 2020-10-07 v3.14 Key value format for package options (HO)
)
\@linkdim=\dimen140
\Hy@linkcounter=\count190
\Hy@pagecounter=\count191

(/usr/local/texlive/2021/texmf-dist/tex/latex/hyperref/pd1enc.def
File: pd1enc.def 2021-02-27 v7.00k Hyperref: PDFDocEncoding definition (HO)
Now handling font encoding PD1 ...
... no UTF-8 mapping file for font encoding PD1
)
(/usr/local/texlive/2021/texmf-dist/tex/latex/hyperref/hyperref-langpatches.def
File: hyperref-langpatches.def 2021-02-27 v7.00k Hyperref: patches for babel la
nguages
) (/usr/local/texlive/2021/texmf-dist/tex/generic/intcalc/intcalc.sty
Package: intcalc 2019/12/15 v1.3 Expandable calculations with integers (HO)
)
(/usr/local/texlive/2021/texmf-dist/tex/generic/etexcmds/etexcmds.sty
Package: etexcmds 2019/12/15 v1.7 Avoid name clashes with e-TeX commands (HO)
)
\Hy@SavedSpaceFactor=\count192

(/usr/local/texlive/2021/texmf-dist/tex/latex/hyperref/puenc.def
File: puenc.def 2021-02-27 v7.00k Hyperref: PDF Unicode definition (HO)
Now handling font encoding PU ...
... no UTF-8 mapping file for font encoding PU
)
Package hyperref Info: Hyper figures OFF on input line 4192.
Package hyperref Info: Link nesting OFF on input line 4197.
Package hyperref Info: Hyper index ON on input line 4200.
Package hyperref Info: Plain pages OFF on input line 4207.
Package hyperref Info: Backreferencing OFF on input line 4212.
Package hyperref Info: Implicit mode ON; LaTeX internals redefined.
Package hyperref Info: Bookmarks ON on input line 4445.
\c@Hy@tempcnt=\count193

(/usr/local/texlive/2021/texmf-dist/tex/latex/url/url.sty
\Urlmuskip=\muskip16
Package: url 2013/09/16  ver 3.4  Verb mode for urls, etc.
)
LaTeX Info: Redefining \url on input line 4804.
\XeTeXLinkMargin=\dimen141

(/usr/local/texlive/2021/texmf-dist/tex/generic/bitset/bitset.sty
Package: bitset 2019/12/09 v1.3 Handle bit-vector datatype (HO)

(/usr/local/texlive/2021/texmf-dist/tex/generic/bigintcalc/bigintcalc.sty
Package: bigintcalc 2019/12/15 v1.5 Expandable calculations on big integers (HO
)
))
\Fld@menulength=\count194
\Field@Width=\dimen142
\Fld@charsize=\dimen143
Package hyperref Info: Hyper figures OFF on input line 6075.
Package hyperref Info: Link nesting OFF on input line 6080.
Package hyperref Info: Hyper index ON on input line 6083.
Package hyperref Info: backreferencing OFF on input line 6090.
Package hyperref Info: Link coloring OFF on input line 6095.
Package hyperref Info: Link coloring with OCG OFF on input line 6100.
Package hyperref Info: PDF/A mode OFF on input line 6105.
LaTeX Info: Redefining \ref on input line 6145.
LaTeX Info: Redefining \pageref on input line 6149.

(/usr/local/texlive/2021/texmf-dist/tex/latex/base/atbegshi-ltx.sty
Package: atbegshi-ltx 2020/08/17 v1.0a Emulation of the original atbegshi packa
ge
with kernel methods
)
\Hy@abspage=\count195
\c@Item=\count196
\c@Hfootnote=\count197
)
Package hyperref Info: Driver (autodetected): hpdftex.

(/usr/local/texlive/2021/texmf-dist/tex/latex/hyperref/hpdftex.def
File: hpdftex.def 2021-02-27 v7.00k Hyperref driver for pdfTeX

(/usr/local/texlive/2021/texmf-dist/tex/latex/base/atveryend-ltx.sty
Package: atveryend-ltx 2020/08/19 v1.0a Emulation of the original atvery packag
e
with kernel methods
)
\Fld@listcount=\count198
\c@bookmark@seq@number=\count199

(/usr/local/texlive/2021/texmf-dist/tex/latex/rerunfilecheck/rerunfilecheck.sty
Package: rerunfilecheck 2019/12/05 v1.9 Rerun checks for auxiliary files (HO)

(/usr/local/texlive/2021/texmf-dist/tex/generic/uniquecounter/uniquecounter.sty
Package: uniquecounter 2019/12/15 v1.4 Provide unlimited unique counter (HO)
)
Package uniquecounter Info: New unique counter `rerunfilecheck' on input line 2
86.
)
\Hy@SectionHShift=\skip63
) (/usr/local/texlive/2021/texmf-dist/tex/latex/csquotes/csquotes.sty
Package: csquotes 2021-02-22 v5.2l context-sensitive quotations (JAW)

(/usr/local/texlive/2021/texmf-dist/tex/latex/etoolbox/etoolbox.sty
Package: etoolbox 2020/10/05 v2.5k e-TeX tools for LaTeX (JAW)
\etb@tempcnta=\count266
)
\csq@reset=\count267
\csq@gtype=\count268
\csq@glevel=\count269
\csq@qlevel=\count270
\csq@maxlvl=\count271
\csq@tshold=\count272
\csq@ltx@everypar=\toks18

(/usr/local/texlive/2021/texmf-dist/tex/latex/csquotes/csquotes.def
File: csquotes.def 2021-02-22 v5.2l csquotes generic definitions (JAW)
)
Package csquotes Info: Trying to load configuration file 'csquotes.cfg'...
Package csquotes Info: ... configuration file loaded successfully.

(/usr/local/texlive/2021/texmf-dist/tex/latex/csquotes/csquotes.cfg
File: csquotes.cfg 
))
(/usr/local/texlive/2021/texmf-dist/tex/latex/glossaries/base/glossaries.sty
Package: glossaries 2020/03/19 v4.46 (NLCT)

(/usr/local/texlive/2021/texmf-dist/tex/latex/base/ifthen.sty
Package: ifthen 2014/09/29 v1.1c Standard LaTeX ifthen package (DPC)
)
(/usr/local/texlive/2021/texmf-dist/tex/latex/xkeyval/xkeyval.sty
Package: xkeyval 2020/11/20 v2.8 package option processing (HA)

(/usr/local/texlive/2021/texmf-dist/tex/generic/xkeyval/xkeyval.tex
(/usr/local/texlive/2021/texmf-dist/tex/generic/xkeyval/xkvutils.tex
\XKV@toks=\toks19
\XKV@tempa@toks=\toks20
)
\XKV@depth=\count273
File: xkeyval.tex 2014/12/03 v2.7a key=value parser (HA)
))
(/usr/local/texlive/2021/texmf-dist/tex/latex/mfirstuc/mfirstuc.sty
Package: mfirstuc 2017/11/14 v2.06 (NLCT)
\@glsmfirst=\toks21
\@glsmrest=\toks22
)
(/usr/local/texlive/2021/texmf-dist/tex/latex/textcase/textcase.sty
Package: textcase 2019/09/14 v1.00 Text only upper/lower case changing (DPC)
)
(/usr/local/texlive/2021/texmf-dist/tex/latex/xfor/xfor.sty
Package: xfor 2009/02/05 v1.05 (NLCT)
)
(/usr/local/texlive/2021/texmf-dist/tex/latex/datatool/datatool-base.sty
Package: datatool-base 2019/09/27 v2.32 (NLCT)

(/usr/local/texlive/2021/texmf-dist/tex/latex/amsmath/amsmath.sty
Package: amsmath 2020/09/23 v2.17i AMS math features
\@mathmargin=\skip64

For additional information on amsmath, use the `?' option.
(/usr/local/texlive/2021/texmf-dist/tex/latex/amsmath/amstext.sty
Package: amstext 2000/06/29 v2.01 AMS text

(/usr/local/texlive/2021/texmf-dist/tex/latex/amsmath/amsgen.sty
File: amsgen.sty 1999/11/30 v2.0 generic functions
\@emptytoks=\toks23
\ex@=\dimen144
))
(/usr/local/texlive/2021/texmf-dist/tex/latex/amsmath/amsbsy.sty
Package: amsbsy 1999/11/29 v1.2d Bold Symbols
\pmbraise@=\dimen145
)
(/usr/local/texlive/2021/texmf-dist/tex/latex/amsmath/amsopn.sty
Package: amsopn 2016/03/08 v2.02 operator names
)
\inf@bad=\count274
LaTeX Info: Redefining \frac on input line 234.
\uproot@=\count275
\leftroot@=\count276
LaTeX Info: Redefining \overline on input line 399.
\classnum@=\count277
\DOTSCASE@=\count278
LaTeX Info: Redefining \ldots on input line 496.
LaTeX Info: Redefining \dots on input line 499.
LaTeX Info: Redefining \cdots on input line 620.
\Mathstrutbox@=\box49
\strutbox@=\box50
\big@size=\dimen146
LaTeX Font Info:    Redeclaring font encoding OML on input line 743.
LaTeX Font Info:    Redeclaring font encoding OMS on input line 744.
\macc@depth=\count279
\c@MaxMatrixCols=\count280
\dotsspace@=\muskip17
\c@parentequation=\count281
\dspbrk@lvl=\count282
\tag@help=\toks24
\row@=\count283
\column@=\count284
\maxfields@=\count285
\andhelp@=\toks25
\eqnshift@=\dimen147
\alignsep@=\dimen148
\tagshift@=\dimen149
\tagwidth@=\dimen150
\totwidth@=\dimen151
\lineht@=\dimen152
\@envbody=\toks26
\multlinegap=\skip65
\multlinetaggap=\skip66
\mathdisplay@stack=\toks27
LaTeX Info: Redefining \[ on input line 2923.
LaTeX Info: Redefining \] on input line 2924.
)
(/usr/local/texlive/2021/texmf-dist/tex/latex/substr/substr.sty
Package: substr 2009/10/20 v1.2 Handle substrings
\c@su@anzahl=\count286
)
(/usr/local/texlive/2021/texmf-dist/tex/latex/datatool/datatool-fp.sty
Package: datatool-fp 2019/09/27 v2.32 (NLCT)

(/usr/local/texlive/2021/texmf-dist/tex/latex/fp/fp.sty
Package: fp 1995/04/02

`Fixed Point Package', Version 0.8, April 2, 1995 (C) Michael Mehlich
(/usr/local/texlive/2021/texmf-dist/tex/latex/fp/defpattern.sty
Package: defpattern 1994/10/12
\actioncount=\count287
)
(/usr/local/texlive/2021/texmf-dist/tex/latex/fp/fp-basic.sty
Package: fp-basic 1996/05/13
\FP@xs=\count288
\FP@xia=\count289
\FP@xib=\count290
\FP@xfa=\count291
\FP@xfb=\count292
\FP@rega=\count293
\FP@regb=\count294
\FP@regs=\count295
\FP@times=\count296
)
(/usr/local/texlive/2021/texmf-dist/tex/latex/fp/fp-addons.sty
Package: fp-addons 1995/03/15
)
(/usr/local/texlive/2021/texmf-dist/tex/latex/fp/fp-snap.sty
Package: fp-snap 1995/04/05
)
(/usr/local/texlive/2021/texmf-dist/tex/latex/fp/fp-exp.sty
Package: fp-exp 1995/04/03
)
(/usr/local/texlive/2021/texmf-dist/tex/latex/fp/fp-trigo.sty
Package: fp-trigo 1995/04/14
)
(/usr/local/texlive/2021/texmf-dist/tex/latex/fp/fp-pas.sty
Package: fp-pas 1994/08/29
)
(/usr/local/texlive/2021/texmf-dist/tex/latex/fp/fp-random.sty
Package: fp-random 1995/02/23
\FPseed=\count297
)
(/usr/local/texlive/2021/texmf-dist/tex/latex/fp/fp-eqn.sty
Package: fp-eqn 1995/04/03
)
(/usr/local/texlive/2021/texmf-dist/tex/latex/fp/fp-upn.sty
Package: fp-upn 1996/10/21
)
(/usr/local/texlive/2021/texmf-dist/tex/latex/fp/fp-eval.sty
Package: fp-eval 1995/04/03
)))
\@dtl@toks=\toks28
\@dtl@tmpcount=\count298
\dtl@tmplength=\skip67
\dtl@sortresult=\count299
\@dtl@numgrpsepcount=\count300
\@dtl@datatype=\count301
\dtl@codeA=\count302
\dtl@codeB=\count303
\@dtl@foreach@level=\count304
)
(/usr/local/texlive/2021/texmf-dist/tex/latex/glossaries/base/glossaries-compat
ible-307.sty
Package: glossaries-compatible-307 2020/03/19 v4.46 (NLCT)
)
(/usr/local/texlive/2021/texmf-dist/tex/latex/tracklang/tracklang.sty
Package: tracklang 2020/06/30 v1.5 (NLCT) Track Languages

(/usr/local/texlive/2021/texmf-dist/tex/generic/tracklang/tracklang.tex))
(/usr/local/texlive/2021/texmf-dist/tex/latex/translator/translator.sty
Package: translator 2020-08-03 v1.12c Easy translation of strings in LaTeX
)
(/usr/local/texlive/2021/texmf-dist/tex/latex/glossaries-german/glossaries-germ
an.ldf
File: glossaries-german.ldf 2014/11/23 v1.0
)
\gls@level=\count305
\@gls@tmpb=\toks29
\gls@tmplen=\skip68
\glskeylisttok=\toks30
\glslabeltok=\toks31
\glsshorttok=\toks32
\glslongtok=\toks33

(/usr/local/texlive/2021/texmf-dist/tex/latex/glossaries/styles/glossary-hypern
av.sty
Package: glossary-hypernav 2020/03/19 v4.46 (NLCT)
)
(/usr/local/texlive/2021/texmf-dist/tex/latex/glossaries/styles/glossary-list.s
ty
Package: glossary-list 2020/03/19 v4.46 (NLCT)
\glslistdottedwidth=\skip69
)
(/usr/local/texlive/2021/texmf-dist/tex/latex/glossaries/styles/glossary-long.s
ty
Package: glossary-long 2020/03/19 v4.46 (NLCT)
 (/usr/local/texlive/2021/texmf-dist/tex/latex/tools/longtable.sty
Package: longtable 2020/01/07 v4.13 Multi-page Table package (DPC)
\LTleft=\skip70
\LTright=\skip71
\LTpre=\skip72
\LTpost=\skip73
\LTchunksize=\count306
\LTcapwidth=\dimen153
\LT@head=\box51
\LT@firsthead=\box52
\LT@foot=\box53
\LT@lastfoot=\box54
\LT@cols=\count307
\LT@rows=\count308
\c@LT@tables=\count309
\c@LT@chunks=\count310
\LT@p@ftn=\toks34
)
Class scrartcl Info: longtable captions redefined on input line 43.
\glsdescwidth=\skip74
\glspagelistwidth=\skip75
)
(/usr/local/texlive/2021/texmf-dist/tex/latex/glossaries/styles/glossary-super.
sty
Package: glossary-super 2020/03/19 v4.46 (NLCT)
 (/usr/local/texlive/2021/texmf-dist/tex/latex/supertabular/supertabular.sty
Package: supertabular 2020/02/02 v4.1g the supertabular environment
\c@tracingst=\count311
\ST@wd=\dimen154
\ST@rightskip=\skip76
\ST@leftskip=\skip77
\ST@parfillskip=\skip78
\ST@pageleft=\dimen155
\ST@headht=\dimen156
\ST@tailht=\dimen157
\ST@pagesofar=\dimen158
\ST@pboxht=\dimen159
\ST@lineht=\dimen160
\ST@prevht=\dimen161
\ST@toadd=\dimen162
\ST@dimen=\dimen163
\ST@pbox=\box55
))
(/usr/local/texlive/2021/texmf-dist/tex/latex/glossaries/styles/glossary-tree.s
ty
Package: glossary-tree 2020/03/19 v4.46 (NLCT)
\glstreeindent=\skip79
)) (/usr/local/texlive/2021/texmf-dist/tex/latex/enumitem/enumitem.sty
Package: enumitem 2019/06/20 v3.9 Customized lists
\labelindent=\skip80
\enit@outerparindent=\dimen164
\enit@toks=\toks35
\enit@inbox=\box56
\enit@count@id=\count312
\enitdp@description=\count313
)
(/usr/local/texlive/2021/texmf-dist/tex/latex/float/float.sty
Package: float 2001/11/08 v1.3d Float enhancements (AL)
\c@float@type=\count314
\float@exts=\toks36
\float@box=\box57
\@float@everytoks=\toks37
\@floatcapt=\box58
)
(/usr/local/texlive/2021/texmf-dist/tex/latex/graphics/graphicx.sty
Package: graphicx 2020/09/09 v1.2b Enhanced LaTeX Graphics (DPC,SPQR)

(/usr/local/texlive/2021/texmf-dist/tex/latex/graphics/graphics.sty
Package: graphics 2020/08/30 v1.4c Standard LaTeX Graphics (DPC,SPQR)

(/usr/local/texlive/2021/texmf-dist/tex/latex/graphics/trig.sty
Package: trig 2016/01/03 v1.10 sin cos tan (DPC)
)
(/usr/local/texlive/2021/texmf-dist/tex/latex/graphics-cfg/graphics.cfg
File: graphics.cfg 2016/06/04 v1.11 sample graphics configuration
)
Package graphics Info: Driver file: pdftex.def on input line 105.

(/usr/local/texlive/2021/texmf-dist/tex/latex/graphics-def/pdftex.def
File: pdftex.def 2020/10/05 v1.2a Graphics/color driver for pdftex
))
\Gin@req@height=\dimen165
\Gin@req@width=\dimen166
)
(/usr/local/texlive/2021/texmf-dist/tex/latex/geometry/geometry.sty
Package: geometry 2020/01/02 v5.9 Page Geometry

(/usr/local/texlive/2021/texmf-dist/tex/generic/iftex/ifvtex.sty
Package: ifvtex 2019/10/25 v1.7 ifvtex legacy package. Use iftex instead.
)
\Gm@cnth=\count315
\Gm@cntv=\count316
\c@Gm@tempcnt=\count317
\Gm@bindingoffset=\dimen167
\Gm@wd@mp=\dimen168
\Gm@odd@mp=\dimen169
\Gm@even@mp=\dimen170
\Gm@layoutwidth=\dimen171
\Gm@layoutheight=\dimen172
\Gm@layouthoffset=\dimen173
\Gm@layoutvoffset=\dimen174
\Gm@dimlist=\toks38
)
(/usr/local/texlive/2021/texmf-dist/tex/latex/pdfpages/pdfpages.sty
Package: pdfpages 2021/03/06 v0.5t Insert pages of external PDF documents (AM)

(/usr/local/texlive/2021/texmf-dist/tex/latex/tools/calc.sty
Package: calc 2017/05/25 v4.3 Infix arithmetic (KKT,FJ)
\calc@Acount=\count318
\calc@Bcount=\count319
\calc@Adimen=\dimen175
\calc@Bdimen=\dimen176
\calc@Askip=\skip81
\calc@Bskip=\skip82
LaTeX Info: Redefining \setlength on input line 80.
LaTeX Info: Redefining \addtolength on input line 81.
\calc@Ccount=\count320
\calc@Cskip=\skip83
)
(/usr/local/texlive/2021/texmf-dist/tex/latex/eso-pic/eso-pic.sty
Package: eso-pic 2020/10/14 v3.0a eso-pic (RN)
\ESO@tempdima=\dimen177
\ESO@tempdimb=\dimen178

(/usr/local/texlive/2021/texmf-dist/tex/latex/xcolor/xcolor.sty
Package: xcolor 2016/05/11 v2.12 LaTeX color extensions (UK)

(/usr/local/texlive/2021/texmf-dist/tex/latex/graphics-cfg/color.cfg
File: color.cfg 2016/01/02 v1.6 sample color configuration
)
Package xcolor Info: Driver file: pdftex.def on input line 225.
Package xcolor Info: Model `cmy' substituted by `cmy0' on input line 1348.
Package xcolor Info: Model `hsb' substituted by `rgb' on input line 1352.
Package xcolor Info: Model `RGB' extended on input line 1364.
Package xcolor Info: Model `HTML' substituted by `rgb' on input line 1366.
Package xcolor Info: Model `Hsb' substituted by `hsb' on input line 1367.
Package xcolor Info: Model `tHsb' substituted by `hsb' on input line 1368.
Package xcolor Info: Model `HSB' substituted by `hsb' on input line 1369.
Package xcolor Info: Model `Gray' substituted by `gray' on input line 1370.
Package xcolor Info: Model `wave' substituted by `hsb' on input line 1371.
))
\AM@pagewidth=\dimen179
\AM@pageheight=\dimen180
\AM@fboxrule=\dimen181

(/usr/local/texlive/2021/texmf-dist/tex/latex/pdfpages/pppdftex.def
File: pppdftex.def 2021/03/06 v0.5t Pdfpages driver for pdfTeX (AM)
)
\pdfpages@includegraphics@status=\count321
\AM@pagebox=\box59
\AM@global@opts=\toks39
\AM@pagecnt=\count322
\AM@toc@title=\toks40
\c@AM@survey=\count323
\AM@templatesizebox=\box60
)
Package csquotes Info: Checking for multilingual support...
Package csquotes Info: ... found 'babel' package.
Package csquotes Info: Adjusting default style.
Package csquotes Info: Redefining alias 'default' -> 'german'.

(/usr/local/texlive/2021/texmf-dist/tex/latex/l3backend/l3backend-pdftex.def
File: l3backend-pdftex.def 2021-03-18 L3 backend support: PDF output (pdfTeX)
\l__color_backend_stack_int=\count324
\l__pdf_internal_box=\box61
)
(./main.aux (./definitionen.aux)

LaTeX Warning: Label `fig:workflowDataClass' multiply defined.


LaTeX Warning: Label `fig:workflowDataClass' multiply defined.


LaTeX Warning: Label `fig:workflowDataClass' multiply defined.

)
\openout1 = `main.aux'.

LaTeX Font Info:    Checking defaults for OML/cmm/m/it on input line 30.
LaTeX Font Info:    ... okay on input line 30.
LaTeX Font Info:    Checking defaults for OMS/cmsy/m/n on input line 30.
LaTeX Font Info:    ... okay on input line 30.
LaTeX Font Info:    Checking defaults for OT1/cmr/m/n on input line 30.
LaTeX Font Info:    ... okay on input line 30.
LaTeX Font Info:    Checking defaults for T1/cmr/m/n on input line 30.
LaTeX Font Info:    ... okay on input line 30.
LaTeX Font Info:    Checking defaults for TS1/cmr/m/n on input line 30.
LaTeX Font Info:    ... okay on input line 30.
LaTeX Font Info:    Checking defaults for OMX/cmex/m/n on input line 30.
LaTeX Font Info:    ... okay on input line 30.
LaTeX Font Info:    Checking defaults for U/cmr/m/n on input line 30.
LaTeX Font Info:    ... okay on input line 30.
LaTeX Font Info:    Checking defaults for PD1/pdf/m/n on input line 30.
LaTeX Font Info:    ... okay on input line 30.
LaTeX Font Info:    Checking defaults for PU/pdf/m/n on input line 30.
LaTeX Font Info:    ... okay on input line 30.
Package hyperref Info: Link coloring OFF on input line 30.
 (/usr/local/texlive/2021/texmf-dist/tex/latex/hyperref/nameref.sty
Package: nameref 2021-04-02 v2.47 Cross-referencing by name of section

(/usr/local/texlive/2021/texmf-dist/tex/latex/refcount/refcount.sty
Package: refcount 2019/12/15 v3.6 Data extraction from label references (HO)
)
(/usr/local/texlive/2021/texmf-dist/tex/generic/gettitlestring/gettitlestring.s
ty
Package: gettitlestring 2019/12/15 v1.6 Cleanup title references (HO)
)
\c@section@level=\count325
)
LaTeX Info: Redefining \ref on input line 30.
LaTeX Info: Redefining \pageref on input line 30.
LaTeX Info: Redefining \nameref on input line 30.
 (./main.out) (./main.out)
\@outlinefile=\write3
\openout3 = `main.out'.

Class scrartcl Info: loading recommended package `bookmark'.
(scrartcl)           Using `bookmark' together with `hyperref' is recommended,
(scrartcl)           because of handling of possible bookmark level gaps.
(scrartcl)           You can avoid loading `bookmark' with KOMA-Script option
(scrartcl)           `bookmarkpackage=false' before \begin{document} and
(scrartcl)           you can avoid this message adding:
(scrartcl)             \usepackage{bookmark}
(scrartcl)           before \begin{document} on input line 30.

(/usr/local/texlive/2021/texmf-dist/tex/latex/bookmark/bookmark.sty
Package: bookmark 2020-11-06 v1.29 PDF bookmarks (HO)

(/usr/local/texlive/2021/texmf-dist/tex/latex/bookmark/bkm-pdftex.def
File: bkm-pdftex.def 2020-11-06 v1.29 bookmark driver for pdfTeX (HO)
\BKM@id=\count326
))
(/usr/local/texlive/2021/texmf-dist/tex/context/base/mkii/supp-pdf.mkii
[Loading MPS to PDF converter (version 2006.09.02).]
\scratchcounter=\count327
\scratchdimen=\dimen182
\scratchbox=\box62
\nofMPsegments=\count328
\nofMParguments=\count329
\everyMPshowfont=\toks41
\MPscratchCnt=\count330
\MPscratchDim=\dimen183
\MPnumerator=\count331
\makeMPintoPDFobject=\count332
\everyMPtoPDFconversion=\toks42
) (/usr/local/texlive/2021/texmf-dist/tex/latex/epstopdf-pkg/epstopdf-base.sty
Package: epstopdf-base 2020-01-24 v2.11 Base part for package epstopdf
Package epstopdf-base Info: Redefining graphics rule for `.eps' on input line 4
85.

(/usr/local/texlive/2021/texmf-dist/tex/latex/latexconfig/epstopdf-sys.cfg
File: epstopdf-sys.cfg 2010/07/13 v1.3 Configuration of (r)epstopdf for TeX Liv
e
))
*geometry* driver: auto-detecting
*geometry* detected driver: pdftex
*geometry* verbose mode - [ preamble ] result:
* driver: pdftex
* paper: <default>
* layout: <same size as paper>
* layoutoffset:(h,v)=(0.0pt,0.0pt)
* modes: 
* h-part:(L,W,R)=(89.6271pt, 418.25372pt, 89.6271pt)
* v-part:(T,H,B)=(101.40665pt, 591.53027pt, 152.11002pt)
* \paperwidth=597.50793pt
* \paperheight=845.04694pt
* \textwidth=418.25372pt
* \textheight=591.53027pt
* \oddsidemargin=17.35712pt
* \evensidemargin=17.35712pt
* \topmargin=-8.26335pt
* \headheight=17.0pt
* \headsep=20.40001pt
* \topskip=11.0pt
* \footskip=47.6pt
* \marginparwidth=59.7508pt
* \marginparsep=12.8401pt
* \columnsep=10.0pt
* \skip\footins=10.0pt plus 4.0pt minus 2.0pt
* \hoffset=0.0pt
* \voffset=0.0pt
* \mag=1000
* \@twocolumnfalse
* \@twosidefalse
* \@mparswitchfalse
* \@reversemarginfalse
* (1in=72.27pt=25.4mm, 1cm=28.453pt)

(/usr/local/texlive/2021/texmf-dist/tex/latex/pdflscape/pdflscape.sty
Package: pdflscape 2019/12/05 v0.12 Display of landscape pages in PDF (HO)

(/usr/local/texlive/2021/texmf-dist/tex/latex/graphics/lscape.sty
Package: lscape 2020/05/28 v3.02 Landscape Pages (DPC)
)
Package pdflscape Info: Auto-detected driver: pdftex on input line 81.
)
\openout2 = `definitionen.aux'.


(./definitionen.tex)
LaTeX Font Info:    Trying to load font information for T1+cmss on input line 3
7.

(/usr/local/texlive/2021/texmf-dist/tex/latex/base/t1cmss.fd
File: t1cmss.fd 2019/12/16 v2.5j Standard LaTeX font definitions
) [1





{/usr/local/texlive/2021/texmf-var/fonts/map/pdftex/updmap/pdftex.map}] (./main
.toc)
\tf@toc=\write4
\openout4 = `main.toc'.

 [2]
(./einleitung.tex [3]) (./systemüberblick.tex
<res/Systemueberblick.png, id=61, 643.40375pt x 175.65625pt>
File: res/Systemueberblick.png Graphic file (type png)
<use res/Systemueberblick.png>
Package pdftex.def Info: res/Systemueberblick.png  used on input line 8.
(pdftex.def)             Requested size: 418.25372pt x 114.19128pt.
 [4pdfTeX warning (ext4): destination with the same identifier (name{figure.1})
 has been already used, duplicate ignored
<argument> ...shipout:D \box_use:N \l_shipout_box 
                                                  
l.11 \newpage
              <./res/Systemueberblick.png>]) (./kommunikation.tex

Package hyperref Warning: Token not allowed in a PDF string (Unicode):
(hyperref)                removing `math shift' on input line 3.


Package hyperref Warning: Token not allowed in a PDF string (Unicode):
(hyperref)                removing `\leftrightarrow' on input line 3.


Package hyperref Warning: Token not allowed in a PDF string (Unicode):
(hyperref)                removing `math shift' on input line 3.

<res/Kommunikation.png, id=69, 1200.485pt x 407.5225pt>
File: res/Kommunikation.png Graphic file (type png)
<use res/Kommunikation.png>
Package pdftex.def Info: res/Kommunikation.png  used on input line 4.
(pdftex.def)             Requested size: 418.25372pt x 141.98209pt.
LaTeX Font Info:    Trying to load font information for T1+cmtt on input line 1
4.
(/usr/local/texlive/2021/texmf-dist/tex/latex/base/t1cmtt.fd
File: t1cmtt.fd 2019/12/16 v2.5j Standard LaTeX font definitions
)
Underfull \hbox (badness 10000) in paragraph at lines 13--20

 []

[5 <./res/Kommunikation.png>]

Package hyperref Warning: Token not allowed in a PDF string (Unicode):
(hyperref)                removing `math shift' on input line 35.


Package hyperref Warning: Token not allowed in a PDF string (Unicode):
(hyperref)                removing `\leftrightarrow' on input line 35.


Package hyperref Warning: Token not allowed in a PDF string (Unicode):
(hyperref)                removing `math shift' on input line 35.

[6]) (./entwurfsmuster.tex [7]) (./komponentenbeschreibung.tex
(./komponentenbeschreibung_client.tex

pdfTeX warning: /Library/TeX/texbin/pdflatex (file ./res/FrontendUML.drawio.pdf
): PDF inclusion: found PDF version <1.7>, but at most version <1.5> allowed
<res/FrontendUML.drawio.pdf, id=96, 2413.09514pt x 1478.6442pt>
File: res/FrontendUML.drawio.pdf Graphic file (type pdf)
<use res/FrontendUML.drawio.pdf>
Package pdftex.def Info: res/FrontendUML.drawio.pdf  used on input line 5.
(pdftex.def)             Requested size: 482.61049pt x 295.7236pt.
[8pdfTeX warning (ext4): destination with the same identifier (name{figure.2}) 
has been already used, duplicate ignored
<argument> ...shipout:D \box_use:N \l_shipout_box 
                                                  
l.9 \newpage
             <./res/FrontendUML.drawio.pdf>])
(./komponentenbeschreibung_server.tex

pdfTeX warning: /Library/TeX/texbin/pdflatex (file ./res/Moduluebersicht.pdf): 
PDF inclusion: found PDF version <1.7>, but at most version <1.5> allowed
<res/Moduluebersicht.pdf, id=116, 572.1375pt x 439.6425pt>
File: res/Moduluebersicht.pdf Graphic file (type pdf)
<use res/Moduluebersicht.pdf>
Package pdftex.def Info: res/Moduluebersicht.pdf  used on input line 5.
(pdftex.def)             Requested size: 418.25372pt x 321.39923pt.


pdfTeX warning: /Library/TeX/texbin/pdflatex (file ./res/api.drawio.pdf): PDF i
nclusion: found PDF version <1.7>, but at most version <1.5> allowed
<res/api.drawio.pdf, id=118, 589.24138pt x 775.93887pt>
File: res/api.drawio.pdf Graphic file (type pdf)
<use res/api.drawio.pdf>
Package pdftex.def Info: res/api.drawio.pdf  used on input line 11.
(pdftex.def)             Requested size: 418.25372pt x 550.7902pt.

LaTeX Warning: Float too large for page by 0.53998pt on input line 13.


LaTeX Warning: `h' float specifier changed to `ht'.



pdfTeX warning: /Library/TeX/texbin/pdflatex (file ./res/Klassen/wfPackage.pdf)
: PDF inclusion: found PDF version <1.7>, but at most version <1.5> allowed
<res/Klassen/wfPackage.pdf, id=119, 900.2433pt x 1287.85132pt>
File: res/Klassen/wfPackage.pdf Graphic file (type pdf)
<use res/Klassen/wfPackage.pdf>
Package pdftex.def Info: res/Klassen/wfPackage.pdf  used on input line 23.
(pdftex.def)             Requested size: 418.25372pt x 598.33376pt.

LaTeX Warning: Float too large for page by 48.08353pt on input line 25.


LaTeX Warning: `h' float specifier changed to `ht'.

[9pdfTeX warning (ext4): destination with the same identifier (name{figure.3}) 
has been already used, duplicate ignored
<argument> ...shipout:D \box_use:N \l_shipout_box 
                                                  
l.30 
      <./res/Moduluebersicht.pdf>]

pdfTeX warning: /Library/TeX/texbin/pdflatex (file ./res/Database_Package.pdf):
 PDF inclusion: found PDF version <1.7>, but at most version <1.5> allowed
<res/Database_Package.pdf, id=142, 825.0825pt x 500.83109pt>
File: res/Database_Package.pdf Graphic file (type pdf)
<use res/Database_Package.pdf>
Package pdftex.def Info: res/Database_Package.pdf  used on input line 36.
(pdftex.def)             Requested size: 418.25372pt x 253.88441pt.

LaTeX Warning: `h' float specifier changed to `ht'.



pdfTeX warning: /Library/TeX/texbin/pdflatex (file ./res/Klassen/tgdsOp.pdf): P
DF inclusion: found PDF version <1.7>, but at most version <1.5> allowed
<res/Klassen/tgdsOp.pdf, id=143, 246.9225pt x 168.63pt>
File: res/Klassen/tgdsOp.pdf Graphic file (type pdf)
<use res/Klassen/tgdsOp.pdf>
Package pdftex.def Info: res/Klassen/tgdsOp.pdf  used on input line 44.
(pdftex.def)             Requested size: 418.25372pt x 285.6534pt.

LaTeX Warning: `h' float specifier changed to `ht'.



pdfTeX warning: /Library/TeX/texbin/pdflatex (file ./res/Klassen/MatFlowExcepti
ons.drawio.pdf): PDF inclusion: found PDF version <1.7>, but at most version <1
.5> allowed
<res/Klassen/MatFlowExceptions.drawio.pdf, id=144, 445.665pt x 638.385pt>
File: res/Klassen/MatFlowExceptions.drawio.pdf Graphic file (type pdf)
<use res/Klassen/MatFlowExceptions.drawio.pdf>
Package pdftex.def Info: res/Klassen/MatFlowExceptions.drawio.pdf  used on inpu
t line 54.
(pdftex.def)             Requested size: 418.25372pt x 599.12735pt.

LaTeX Warning: Float too large for page by 48.87712pt on input line 56.


LaTeX Warning: `h' float specifier changed to `ht'.

[10])) (./paketbeschreibung.tex (./clientApplicationClassDiagram.tex
<FrontendDocsAsPDF/Model/Approval.pdf, id=153, 578.16pt x 794.97pt>
File: FrontendDocsAsPDF/Model/Approval.pdf Graphic file (type pdf)
<use FrontendDocsAsPDF/Model/Approval.pdf>
Package pdftex.def Info: FrontendDocsAsPDF/Model/Approval.pdf  used on input li
ne 1.
(pdftex.def)             Requested size: 578.15858pt x 794.96806pt.
File: FrontendDocsAsPDF/Model/Approval.pdf Graphic file (type pdf)
<use FrontendDocsAsPDF/Model/Approval.pdf>
Package pdftex.def Info: FrontendDocsAsPDF/Model/Approval.pdf  used on input li
ne 1.
(pdftex.def)             Requested size: 578.15858pt x 794.96806pt.
<FrontendDocsAsPDF/Model/Approval.pdf, id=156, page=1, 578.16pt x 794.97pt>
File: FrontendDocsAsPDF/Model/Approval.pdf Graphic file (type pdf)
<use FrontendDocsAsPDF/Model/Approval.pdf, page 1>
Package pdftex.def Info: FrontendDocsAsPDF/Model/Approval.pdf , page1 used on i
nput line 1.
(pdftex.def)             Requested size: 578.15858pt x 794.96806pt.
File: FrontendDocsAsPDF/Model/Approval.pdf Graphic file (type pdf)
<use FrontendDocsAsPDF/Model/Approval.pdf, page 1>
Package pdftex.def Info: FrontendDocsAsPDF/Model/Approval.pdf , page1 used on i
nput line 1.
(pdftex.def)             Requested size: 433.61893pt x 596.22604pt.
 [11]
File: FrontendDocsAsPDF/Model/Approval.pdf Graphic file (type pdf)
<use FrontendDocsAsPDF/Model/Approval.pdf, page 1>
Package pdftex.def Info: FrontendDocsAsPDF/Model/Approval.pdf , page1 used on i
nput line 1.
(pdftex.def)             Requested size: 433.61893pt x 596.22604pt.
File: FrontendDocsAsPDF/Model/Approval.pdf Graphic file (type pdf)
<use FrontendDocsAsPDF/Model/Approval.pdf, page 1>
Package pdftex.def Info: FrontendDocsAsPDF/Model/Approval.pdf , page1 used on i
nput line 1.
(pdftex.def)             Requested size: 433.61893pt x 596.22604pt.
File: FrontendDocsAsPDF/Model/Approval.pdf Graphic file (type pdf)
<use FrontendDocsAsPDF/Model/Approval.pdf, page 1>
Package pdftex.def Info: FrontendDocsAsPDF/Model/Approval.pdf , page1 used on i
nput line 1.
(pdftex.def)             Requested size: 433.61893pt x 596.22604pt.

[12 <./FrontendDocsAsPDF/Model/Approval.pdf>]
<FrontendDocsAsPDF/Model/ChooseConfigFile.pdf, id=209, 578.16pt x 794.97pt>
File: FrontendDocsAsPDF/Model/ChooseConfigFile.pdf Graphic file (type pdf)
<use FrontendDocsAsPDF/Model/ChooseConfigFile.pdf>
Package pdftex.def Info: FrontendDocsAsPDF/Model/ChooseConfigFile.pdf  used on 
input line 3.
(pdftex.def)             Requested size: 578.15858pt x 794.96806pt.
File: FrontendDocsAsPDF/Model/ChooseConfigFile.pdf Graphic file (type pdf)
<use FrontendDocsAsPDF/Model/ChooseConfigFile.pdf>
Package pdftex.def Info: FrontendDocsAsPDF/Model/ChooseConfigFile.pdf  used on 
input line 3.
(pdftex.def)             Requested size: 578.15858pt x 794.96806pt.
<FrontendDocsAsPDF/Model/ChooseConfigFile.pdf, id=212, page=1, 578.16pt x 794.9
7pt>
File: FrontendDocsAsPDF/Model/ChooseConfigFile.pdf Graphic file (type pdf)
<use FrontendDocsAsPDF/Model/ChooseConfigFile.pdf, page 1>
Package pdftex.def Info: FrontendDocsAsPDF/Model/ChooseConfigFile.pdf , page1 u
sed on input line 3.
(pdftex.def)             Requested size: 578.15858pt x 794.96806pt.
File: FrontendDocsAsPDF/Model/ChooseConfigFile.pdf Graphic file (type pdf)
<use FrontendDocsAsPDF/Model/ChooseConfigFile.pdf, page 1>
Package pdftex.def Info: FrontendDocsAsPDF/Model/ChooseConfigFile.pdf , page1 u
sed on input line 3.
(pdftex.def)             Requested size: 462.52863pt x 635.97687pt.
File: FrontendDocsAsPDF/Model/ChooseConfigFile.pdf Graphic file (type pdf)
<use FrontendDocsAsPDF/Model/ChooseConfigFile.pdf, page 1>
Package pdftex.def Info: FrontendDocsAsPDF/Model/ChooseConfigFile.pdf , page1 u
sed on input line 3.
(pdftex.def)             Requested size: 462.52863pt x 635.97687pt.
File: FrontendDocsAsPDF/Model/ChooseConfigFile.pdf Graphic file (type pdf)
<use FrontendDocsAsPDF/Model/ChooseConfigFile.pdf, page 1>
Package pdftex.def Info: FrontendDocsAsPDF/Model/ChooseConfigFile.pdf , page1 u
sed on input line 3.
(pdftex.def)             Requested size: 462.52863pt x 635.97687pt.
File: FrontendDocsAsPDF/Model/ChooseConfigFile.pdf Graphic file (type pdf)
<use FrontendDocsAsPDF/Model/ChooseConfigFile.pdf, page 1>
Package pdftex.def Info: FrontendDocsAsPDF/Model/ChooseConfigFile.pdf , page1 u
sed on input line 3.
(pdftex.def)             Requested size: 462.52863pt x 635.97687pt.
 [13 <./FrontendDocsAsPDF/Model/ChooseConfigFile.pdf>]
<FrontendDocsAsPDF/Model/CreateTemplate.pdf, id=258, 578.16pt x 794.97pt>
File: FrontendDocsAsPDF/Model/CreateTemplate.pdf Graphic file (type pdf)
<use FrontendDocsAsPDF/Model/CreateTemplate.pdf>
Package pdftex.def Info: FrontendDocsAsPDF/Model/CreateTemplate.pdf  used on in
put line 5.
(pdftex.def)             Requested size: 578.15858pt x 794.96806pt.
File: FrontendDocsAsPDF/Model/CreateTemplate.pdf Graphic file (type pdf)
<use FrontendDocsAsPDF/Model/CreateTemplate.pdf>
Package pdftex.def Info: FrontendDocsAsPDF/Model/CreateTemplate.pdf  used on in
put line 5.
(pdftex.def)             Requested size: 578.15858pt x 794.96806pt.
<FrontendDocsAsPDF/Model/CreateTemplate.pdf, id=261, page=1, 578.16pt x 794.97p
t>
File: FrontendDocsAsPDF/Model/CreateTemplate.pdf Graphic file (type pdf)
<use FrontendDocsAsPDF/Model/CreateTemplate.pdf, page 1>
Package pdftex.def Info: FrontendDocsAsPDF/Model/CreateTemplate.pdf , page1 use
d on input line 5.
(pdftex.def)             Requested size: 578.15858pt x 794.96806pt.
File: FrontendDocsAsPDF/Model/CreateTemplate.pdf Graphic file (type pdf)
<use FrontendDocsAsPDF/Model/CreateTemplate.pdf, page 1>
Package pdftex.def Info: FrontendDocsAsPDF/Model/CreateTemplate.pdf , page1 use
d on input line 5.
(pdftex.def)             Requested size: 462.52863pt x 635.97687pt.
File: FrontendDocsAsPDF/Model/CreateTemplate.pdf Graphic file (type pdf)
<use FrontendDocsAsPDF/Model/CreateTemplate.pdf, page 1>
Package pdftex.def Info: FrontendDocsAsPDF/Model/CreateTemplate.pdf , page1 use
d on input line 5.
(pdftex.def)             Requested size: 462.52863pt x 635.97687pt.
File: FrontendDocsAsPDF/Model/CreateTemplate.pdf Graphic file (type pdf)
<use FrontendDocsAsPDF/Model/CreateTemplate.pdf, page 1>
Package pdftex.def Info: FrontendDocsAsPDF/Model/CreateTemplate.pdf , page1 use
d on input line 5.
(pdftex.def)             Requested size: 462.52863pt x 635.97687pt.
File: FrontendDocsAsPDF/Model/CreateTemplate.pdf Graphic file (type pdf)
<use FrontendDocsAsPDF/Model/CreateTemplate.pdf, page 1>
Package pdftex.def Info: FrontendDocsAsPDF/Model/CreateTemplate.pdf , page1 use
d on input line 5.
(pdftex.def)             Requested size: 462.52863pt x 635.97687pt.
 [14 <./FrontendDocsAsPDF/Model/CreateTemplate.pdf>]
File: FrontendDocsAsPDF/Model/CreateTemplate.pdf Graphic file (type pdf)
<use FrontendDocsAsPDF/Model/CreateTemplate.pdf>
Package pdftex.def Info: FrontendDocsAsPDF/Model/CreateTemplate.pdf  used on in
put line 6.
(pdftex.def)             Requested size: 578.15858pt x 794.96806pt.
File: FrontendDocsAsPDF/Model/CreateTemplate.pdf Graphic file (type pdf)
<use FrontendDocsAsPDF/Model/CreateTemplate.pdf>
Package pdftex.def Info: FrontendDocsAsPDF/Model/CreateTemplate.pdf  used on in
put line 6.
(pdftex.def)             Requested size: 578.15858pt x 794.96806pt.
<FrontendDocsAsPDF/Model/CreateTemplate.pdf, id=310, page=2, 578.16pt x 794.97p
t>
File: FrontendDocsAsPDF/Model/CreateTemplate.pdf Graphic file (type pdf)
<use FrontendDocsAsPDF/Model/CreateTemplate.pdf, page 2>
Package pdftex.def Info: FrontendDocsAsPDF/Model/CreateTemplate.pdf , page2 use
d on input line 6.
(pdftex.def)             Requested size: 578.15858pt x 794.96806pt.
File: FrontendDocsAsPDF/Model/CreateTemplate.pdf Graphic file (type pdf)
<use FrontendDocsAsPDF/Model/CreateTemplate.pdf, page 2>
Package pdftex.def Info: FrontendDocsAsPDF/Model/CreateTemplate.pdf , page2 use
d on input line 6.
(pdftex.def)             Requested size: 462.52863pt x 635.97687pt.
File: FrontendDocsAsPDF/Model/CreateTemplate.pdf Graphic file (type pdf)
<use FrontendDocsAsPDF/Model/CreateTemplate.pdf, page 2>
Package pdftex.def Info: FrontendDocsAsPDF/Model/CreateTemplate.pdf , page2 use
d on input line 6.
(pdftex.def)             Requested size: 462.52863pt x 635.97687pt.
File: FrontendDocsAsPDF/Model/CreateTemplate.pdf Graphic file (type pdf)
<use FrontendDocsAsPDF/Model/CreateTemplate.pdf, page 2>
Package pdftex.def Info: FrontendDocsAsPDF/Model/CreateTemplate.pdf , page2 use
d on input line 6.
(pdftex.def)             Requested size: 462.52863pt x 635.97687pt.
File: FrontendDocsAsPDF/Model/CreateTemplate.pdf Graphic file (type pdf)
<use FrontendDocsAsPDF/Model/CreateTemplate.pdf, page 2>
Package pdftex.def Info: FrontendDocsAsPDF/Model/CreateTemplate.pdf , page2 use
d on input line 6.
(pdftex.def)             Requested size: 462.52863pt x 635.97687pt.

[15 <./FrontendDocsAsPDF/Model/CreateTemplate.pdf>]
<FrontendDocsAsPDF/Model/CreateWorkflowInstance.pdf, id=320, 578.16pt x 794.97p
t>
File: FrontendDocsAsPDF/Model/CreateWorkflowInstance.pdf Graphic file (type pdf
)
<use FrontendDocsAsPDF/Model/CreateWorkflowInstance.pdf>
Package pdftex.def Info: FrontendDocsAsPDF/Model/CreateWorkflowInstance.pdf  us
ed on input line 8.
(pdftex.def)             Requested size: 578.15858pt x 794.96806pt.
File: FrontendDocsAsPDF/Model/CreateWorkflowInstance.pdf Graphic file (type pdf
)
<use FrontendDocsAsPDF/Model/CreateWorkflowInstance.pdf>
Package pdftex.def Info: FrontendDocsAsPDF/Model/CreateWorkflowInstance.pdf  us
ed on input line 8.
(pdftex.def)             Requested size: 578.15858pt x 794.96806pt.
<FrontendDocsAsPDF/Model/CreateWorkflowInstance.pdf, id=323, page=1, 578.16pt x
 794.97pt>
File: FrontendDocsAsPDF/Model/CreateWorkflowInstance.pdf Graphic file (type pdf
)
<use FrontendDocsAsPDF/Model/CreateWorkflowInstance.pdf, page 1>
Package pdftex.def Info: FrontendDocsAsPDF/Model/CreateWorkflowInstance.pdf , p
age1 used on input line 8.
(pdftex.def)             Requested size: 578.15858pt x 794.96806pt.
File: FrontendDocsAsPDF/Model/CreateWorkflowInstance.pdf Graphic file (type pdf
)
<use FrontendDocsAsPDF/Model/CreateWorkflowInstance.pdf, page 1>
Package pdftex.def Info: FrontendDocsAsPDF/Model/CreateWorkflowInstance.pdf , p
age1 used on input line 8.
(pdftex.def)             Requested size: 462.52863pt x 635.97687pt.
File: FrontendDocsAsPDF/Model/CreateWorkflowInstance.pdf Graphic file (type pdf
)
<use FrontendDocsAsPDF/Model/CreateWorkflowInstance.pdf, page 1>
Package pdftex.def Info: FrontendDocsAsPDF/Model/CreateWorkflowInstance.pdf , p
age1 used on input line 8.
(pdftex.def)             Requested size: 462.52863pt x 635.97687pt.
File: FrontendDocsAsPDF/Model/CreateWorkflowInstance.pdf Graphic file (type pdf
)
<use FrontendDocsAsPDF/Model/CreateWorkflowInstance.pdf, page 1>
Package pdftex.def Info: FrontendDocsAsPDF/Model/CreateWorkflowInstance.pdf , p
age1 used on input line 8.
(pdftex.def)             Requested size: 462.52863pt x 635.97687pt.
File: FrontendDocsAsPDF/Model/CreateWorkflowInstance.pdf Graphic file (type pdf
)
<use FrontendDocsAsPDF/Model/CreateWorkflowInstance.pdf, page 1>
Package pdftex.def Info: FrontendDocsAsPDF/Model/CreateWorkflowInstance.pdf , p
age1 used on input line 8.
(pdftex.def)             Requested size: 462.52863pt x 635.97687pt.
 [16 <./FrontendDocsAsPDF/Model/CreateWorkflowInstance.pdf>]
File: FrontendDocsAsPDF/Model/CreateWorkflowInstance.pdf Graphic file (type pdf
)
<use FrontendDocsAsPDF/Model/CreateWorkflowInstance.pdf>
Package pdftex.def Info: FrontendDocsAsPDF/Model/CreateWorkflowInstance.pdf  us
ed on input line 9.
(pdftex.def)             Requested size: 578.15858pt x 794.96806pt.
File: FrontendDocsAsPDF/Model/CreateWorkflowInstance.pdf Graphic file (type pdf
)
<use FrontendDocsAsPDF/Model/CreateWorkflowInstance.pdf>
Package pdftex.def Info: FrontendDocsAsPDF/Model/CreateWorkflowInstance.pdf  us
ed on input line 9.
(pdftex.def)             Requested size: 578.15858pt x 794.96806pt.
<FrontendDocsAsPDF/Model/CreateWorkflowInstance.pdf, id=372, page=2, 578.16pt x
 794.97pt>
File: FrontendDocsAsPDF/Model/CreateWorkflowInstance.pdf Graphic file (type pdf
)
<use FrontendDocsAsPDF/Model/CreateWorkflowInstance.pdf, page 2>
Package pdftex.def Info: FrontendDocsAsPDF/Model/CreateWorkflowInstance.pdf , p
age2 used on input line 9.
(pdftex.def)             Requested size: 578.15858pt x 794.96806pt.
File: FrontendDocsAsPDF/Model/CreateWorkflowInstance.pdf Graphic file (type pdf
)
<use FrontendDocsAsPDF/Model/CreateWorkflowInstance.pdf, page 2>
Package pdftex.def Info: FrontendDocsAsPDF/Model/CreateWorkflowInstance.pdf , p
age2 used on input line 9.
(pdftex.def)             Requested size: 462.52863pt x 635.97687pt.
File: FrontendDocsAsPDF/Model/CreateWorkflowInstance.pdf Graphic file (type pdf
)
<use FrontendDocsAsPDF/Model/CreateWorkflowInstance.pdf, page 2>
Package pdftex.def Info: FrontendDocsAsPDF/Model/CreateWorkflowInstance.pdf , p
age2 used on input line 9.
(pdftex.def)             Requested size: 462.52863pt x 635.97687pt.
File: FrontendDocsAsPDF/Model/CreateWorkflowInstance.pdf Graphic file (type pdf
)
<use FrontendDocsAsPDF/Model/CreateWorkflowInstance.pdf, page 2>
Package pdftex.def Info: FrontendDocsAsPDF/Model/CreateWorkflowInstance.pdf , p
age2 used on input line 9.
(pdftex.def)             Requested size: 462.52863pt x 635.97687pt.
File: FrontendDocsAsPDF/Model/CreateWorkflowInstance.pdf Graphic file (type pdf
)
<use FrontendDocsAsPDF/Model/CreateWorkflowInstance.pdf, page 2>
Package pdftex.def Info: FrontendDocsAsPDF/Model/CreateWorkflowInstance.pdf , p
age2 used on input line 9.
(pdftex.def)             Requested size: 462.52863pt x 635.97687pt.
 [17 <./FrontendDocsAsPDF/Model/CreateWorkflowInstance.pdf>]
<FrontendDocsAsPDF/Model/Failure.pdf, id=385, 578.16pt x 794.97pt>
File: FrontendDocsAsPDF/Model/Failure.pdf Graphic file (type pdf)
<use FrontendDocsAsPDF/Model/Failure.pdf>
Package pdftex.def Info: FrontendDocsAsPDF/Model/Failure.pdf  used on input lin
e 11.
(pdftex.def)             Requested size: 578.15858pt x 794.96806pt.
File: FrontendDocsAsPDF/Model/Failure.pdf Graphic file (type pdf)
<use FrontendDocsAsPDF/Model/Failure.pdf>
Package pdftex.def Info: FrontendDocsAsPDF/Model/Failure.pdf  used on input lin
e 11.
(pdftex.def)             Requested size: 578.15858pt x 794.96806pt.
<FrontendDocsAsPDF/Model/Failure.pdf, id=388, page=1, 578.16pt x 794.97pt>
File: FrontendDocsAsPDF/Model/Failure.pdf Graphic file (type pdf)
<use FrontendDocsAsPDF/Model/Failure.pdf, page 1>
Package pdftex.def Info: FrontendDocsAsPDF/Model/Failure.pdf , page1 used on in
put line 11.
(pdftex.def)             Requested size: 578.15858pt x 794.96806pt.
File: FrontendDocsAsPDF/Model/Failure.pdf Graphic file (type pdf)
<use FrontendDocsAsPDF/Model/Failure.pdf, page 1>
Package pdftex.def Info: FrontendDocsAsPDF/Model/Failure.pdf , page1 used on in
put line 11.
(pdftex.def)             Requested size: 462.52863pt x 635.97687pt.
File: FrontendDocsAsPDF/Model/Failure.pdf Graphic file (type pdf)
<use FrontendDocsAsPDF/Model/Failure.pdf, page 1>
Package pdftex.def Info: FrontendDocsAsPDF/Model/Failure.pdf , page1 used on in
put line 11.
(pdftex.def)             Requested size: 462.52863pt x 635.97687pt.
File: FrontendDocsAsPDF/Model/Failure.pdf Graphic file (type pdf)
<use FrontendDocsAsPDF/Model/Failure.pdf, page 1>
Package pdftex.def Info: FrontendDocsAsPDF/Model/Failure.pdf , page1 used on in
put line 11.
(pdftex.def)             Requested size: 462.52863pt x 635.97687pt.
File: FrontendDocsAsPDF/Model/Failure.pdf Graphic file (type pdf)
<use FrontendDocsAsPDF/Model/Failure.pdf, page 1>
Package pdftex.def Info: FrontendDocsAsPDF/Model/Failure.pdf , page1 used on in
put line 11.
(pdftex.def)             Requested size: 462.52863pt x 635.97687pt.
 [18 <./FrontendDocsAsPDF/Model/Failure.pdf>]
<FrontendDocsAsPDF/Model/KeyValuePairs.pdf, id=435, 578.16pt x 794.97pt>
File: FrontendDocsAsPDF/Model/KeyValuePairs.pdf Graphic file (type pdf)
<use FrontendDocsAsPDF/Model/KeyValuePairs.pdf>
Package pdftex.def Info: FrontendDocsAsPDF/Model/KeyValuePairs.pdf  used on inp
ut line 13.
(pdftex.def)             Requested size: 578.15858pt x 794.96806pt.
File: FrontendDocsAsPDF/Model/KeyValuePairs.pdf Graphic file (type pdf)
<use FrontendDocsAsPDF/Model/KeyValuePairs.pdf>
Package pdftex.def Info: FrontendDocsAsPDF/Model/KeyValuePairs.pdf  used on inp
ut line 13.
(pdftex.def)             Requested size: 578.15858pt x 794.96806pt.
<FrontendDocsAsPDF/Model/KeyValuePairs.pdf, id=438, page=1, 578.16pt x 794.97pt
>
File: FrontendDocsAsPDF/Model/KeyValuePairs.pdf Graphic file (type pdf)
<use FrontendDocsAsPDF/Model/KeyValuePairs.pdf, page 1>
Package pdftex.def Info: FrontendDocsAsPDF/Model/KeyValuePairs.pdf , page1 used
 on input line 13.
(pdftex.def)             Requested size: 578.15858pt x 794.96806pt.
File: FrontendDocsAsPDF/Model/KeyValuePairs.pdf Graphic file (type pdf)
<use FrontendDocsAsPDF/Model/KeyValuePairs.pdf, page 1>
Package pdftex.def Info: FrontendDocsAsPDF/Model/KeyValuePairs.pdf , page1 used
 on input line 13.
(pdftex.def)             Requested size: 462.52863pt x 635.97687pt.
File: FrontendDocsAsPDF/Model/KeyValuePairs.pdf Graphic file (type pdf)
<use FrontendDocsAsPDF/Model/KeyValuePairs.pdf, page 1>
Package pdftex.def Info: FrontendDocsAsPDF/Model/KeyValuePairs.pdf , page1 used
 on input line 13.
(pdftex.def)             Requested size: 462.52863pt x 635.97687pt.
File: FrontendDocsAsPDF/Model/KeyValuePairs.pdf Graphic file (type pdf)
<use FrontendDocsAsPDF/Model/KeyValuePairs.pdf, page 1>
Package pdftex.def Info: FrontendDocsAsPDF/Model/KeyValuePairs.pdf , page1 used
 on input line 13.
(pdftex.def)             Requested size: 462.52863pt x 635.97687pt.
File: FrontendDocsAsPDF/Model/KeyValuePairs.pdf Graphic file (type pdf)
<use FrontendDocsAsPDF/Model/KeyValuePairs.pdf, page 1>
Package pdftex.def Info: FrontendDocsAsPDF/Model/KeyValuePairs.pdf , page1 used
 on input line 13.
(pdftex.def)             Requested size: 462.52863pt x 635.97687pt.
 [19 <./FrontendDocsAsPDF/Model/KeyValuePairs.pdf>]
<FrontendDocsAsPDF/Model/Login.pdf, id=486, 578.16pt x 794.97pt>
File: FrontendDocsAsPDF/Model/Login.pdf Graphic file (type pdf)
<use FrontendDocsAsPDF/Model/Login.pdf>
Package pdftex.def Info: FrontendDocsAsPDF/Model/Login.pdf  used on input line 
15.
(pdftex.def)             Requested size: 578.15858pt x 794.96806pt.
File: FrontendDocsAsPDF/Model/Login.pdf Graphic file (type pdf)
<use FrontendDocsAsPDF/Model/Login.pdf>
Package pdftex.def Info: FrontendDocsAsPDF/Model/Login.pdf  used on input line 
15.
(pdftex.def)             Requested size: 578.15858pt x 794.96806pt.
<FrontendDocsAsPDF/Model/Login.pdf, id=489, page=1, 578.16pt x 794.97pt>
File: FrontendDocsAsPDF/Model/Login.pdf Graphic file (type pdf)
<use FrontendDocsAsPDF/Model/Login.pdf, page 1>
Package pdftex.def Info: FrontendDocsAsPDF/Model/Login.pdf , page1 used on inpu
t line 15.
(pdftex.def)             Requested size: 578.15858pt x 794.96806pt.
File: FrontendDocsAsPDF/Model/Login.pdf Graphic file (type pdf)
<use FrontendDocsAsPDF/Model/Login.pdf, page 1>
Package pdftex.def Info: FrontendDocsAsPDF/Model/Login.pdf , page1 used on inpu
t line 15.
(pdftex.def)             Requested size: 462.52863pt x 635.97687pt.
File: FrontendDocsAsPDF/Model/Login.pdf Graphic file (type pdf)
<use FrontendDocsAsPDF/Model/Login.pdf, page 1>
Package pdftex.def Info: FrontendDocsAsPDF/Model/Login.pdf , page1 used on inpu
t line 15.
(pdftex.def)             Requested size: 462.52863pt x 635.97687pt.
File: FrontendDocsAsPDF/Model/Login.pdf Graphic file (type pdf)
<use FrontendDocsAsPDF/Model/Login.pdf, page 1>
Package pdftex.def Info: FrontendDocsAsPDF/Model/Login.pdf , page1 used on inpu
t line 15.
(pdftex.def)             Requested size: 462.52863pt x 635.97687pt.
File: FrontendDocsAsPDF/Model/Login.pdf Graphic file (type pdf)
<use FrontendDocsAsPDF/Model/Login.pdf, page 1>
Package pdftex.def Info: FrontendDocsAsPDF/Model/Login.pdf , page1 used on inpu
t line 15.
(pdftex.def)             Requested size: 462.52863pt x 635.97687pt.
 [20 <./FrontendDocsAsPDF/Model/Login.pdf>]
<FrontendDocsAsPDF/Model/ServerConfig.pdf, id=537, 578.16pt x 794.97pt>
File: FrontendDocsAsPDF/Model/ServerConfig.pdf Graphic file (type pdf)
<use FrontendDocsAsPDF/Model/ServerConfig.pdf>
Package pdftex.def Info: FrontendDocsAsPDF/Model/ServerConfig.pdf  used on inpu
t line 17.
(pdftex.def)             Requested size: 578.15858pt x 794.96806pt.
File: FrontendDocsAsPDF/Model/ServerConfig.pdf Graphic file (type pdf)
<use FrontendDocsAsPDF/Model/ServerConfig.pdf>
Package pdftex.def Info: FrontendDocsAsPDF/Model/ServerConfig.pdf  used on inpu
t line 17.
(pdftex.def)             Requested size: 578.15858pt x 794.96806pt.
<FrontendDocsAsPDF/Model/ServerConfig.pdf, id=540, page=1, 578.16pt x 794.97pt>

File: FrontendDocsAsPDF/Model/ServerConfig.pdf Graphic file (type pdf)
<use FrontendDocsAsPDF/Model/ServerConfig.pdf, page 1>
Package pdftex.def Info: FrontendDocsAsPDF/Model/ServerConfig.pdf , page1 used 
on input line 17.
(pdftex.def)             Requested size: 578.15858pt x 794.96806pt.
File: FrontendDocsAsPDF/Model/ServerConfig.pdf Graphic file (type pdf)
<use FrontendDocsAsPDF/Model/ServerConfig.pdf, page 1>
Package pdftex.def Info: FrontendDocsAsPDF/Model/ServerConfig.pdf , page1 used 
on input line 17.
(pdftex.def)             Requested size: 462.52863pt x 635.97687pt.
File: FrontendDocsAsPDF/Model/ServerConfig.pdf Graphic file (type pdf)
<use FrontendDocsAsPDF/Model/ServerConfig.pdf, page 1>
Package pdftex.def Info: FrontendDocsAsPDF/Model/ServerConfig.pdf , page1 used 
on input line 17.
(pdftex.def)             Requested size: 462.52863pt x 635.97687pt.
File: FrontendDocsAsPDF/Model/ServerConfig.pdf Graphic file (type pdf)
<use FrontendDocsAsPDF/Model/ServerConfig.pdf, page 1>
Package pdftex.def Info: FrontendDocsAsPDF/Model/ServerConfig.pdf , page1 used 
on input line 17.
(pdftex.def)             Requested size: 462.52863pt x 635.97687pt.
File: FrontendDocsAsPDF/Model/ServerConfig.pdf Graphic file (type pdf)
<use FrontendDocsAsPDF/Model/ServerConfig.pdf, page 1>
Package pdftex.def Info: FrontendDocsAsPDF/Model/ServerConfig.pdf , page1 used 
on input line 17.
(pdftex.def)             Requested size: 462.52863pt x 635.97687pt.

[21 <./FrontendDocsAsPDF/Model/ServerConfig.pdf>]
File: FrontendDocsAsPDF/Model/ServerConfig.pdf Graphic file (type pdf)
<use FrontendDocsAsPDF/Model/ServerConfig.pdf>
Package pdftex.def Info: FrontendDocsAsPDF/Model/ServerConfig.pdf  used on inpu
t line 18.
(pdftex.def)             Requested size: 578.15858pt x 794.96806pt.
File: FrontendDocsAsPDF/Model/ServerConfig.pdf Graphic file (type pdf)
<use FrontendDocsAsPDF/Model/ServerConfig.pdf>
Package pdftex.def Info: FrontendDocsAsPDF/Model/ServerConfig.pdf  used on inpu
t line 18.
(pdftex.def)             Requested size: 578.15858pt x 794.96806pt.
<FrontendDocsAsPDF/Model/ServerConfig.pdf, id=589, page=2, 578.16pt x 794.97pt>

File: FrontendDocsAsPDF/Model/ServerConfig.pdf Graphic file (type pdf)
<use FrontendDocsAsPDF/Model/ServerConfig.pdf, page 2>
Package pdftex.def Info: FrontendDocsAsPDF/Model/ServerConfig.pdf , page2 used 
on input line 18.
(pdftex.def)             Requested size: 578.15858pt x 794.96806pt.
File: FrontendDocsAsPDF/Model/ServerConfig.pdf Graphic file (type pdf)
<use FrontendDocsAsPDF/Model/ServerConfig.pdf, page 2>
Package pdftex.def Info: FrontendDocsAsPDF/Model/ServerConfig.pdf , page2 used 
on input line 18.
(pdftex.def)             Requested size: 462.52863pt x 635.97687pt.
File: FrontendDocsAsPDF/Model/ServerConfig.pdf Graphic file (type pdf)
<use FrontendDocsAsPDF/Model/ServerConfig.pdf, page 2>
Package pdftex.def Info: FrontendDocsAsPDF/Model/ServerConfig.pdf , page2 used 
on input line 18.
(pdftex.def)             Requested size: 462.52863pt x 635.97687pt.
File: FrontendDocsAsPDF/Model/ServerConfig.pdf Graphic file (type pdf)
<use FrontendDocsAsPDF/Model/ServerConfig.pdf, page 2>
Package pdftex.def Info: FrontendDocsAsPDF/Model/ServerConfig.pdf , page2 used 
on input line 18.
(pdftex.def)             Requested size: 462.52863pt x 635.97687pt.
File: FrontendDocsAsPDF/Model/ServerConfig.pdf Graphic file (type pdf)
<use FrontendDocsAsPDF/Model/ServerConfig.pdf, page 2>
Package pdftex.def Info: FrontendDocsAsPDF/Model/ServerConfig.pdf , page2 used 
on input line 18.
(pdftex.def)             Requested size: 462.52863pt x 635.97687pt.
 [22 <./FrontendDocsAsPDF/Model/ServerConfig.pdf>]

! Package pdfpages Error: Cannot find file `FrontendDocsAsPDF/Model/SignUp.pdf'
.

See the pdfpages package documentation for explanation.
Type  H <return>  for immediate help.
 ...                                              
                                                  
l.20 ...gnUp}]{FrontendDocsAsPDF/Model/SignUp.pdf}
                                                  
This error message was generated by an \errmessage
command, so I can't give any explicit help.
Pretend that you're Hercule Poirot: Examine all clues,
and deduce the truth by order and method.


! Package pdfpages Error: Cannot find file `1'.

See the pdfpages package documentation for explanation.
Type  H <return>  for immediate help.
 ...                                              
                                                  
l.20 ...gnUp}]{FrontendDocsAsPDF/Model/SignUp.pdf}
                                                  
(That was another \errmessage.)

! Undefined control sequence.
\AM@checkpagenumber #1->\ifnum #1>\AM@pagecount 
                                                \relax \ifthenelse {\boolean...
l.20 ...gnUp}]{FrontendDocsAsPDF/Model/SignUp.pdf}
                                                  
The control sequence at the end of the top line
of your error message was never \def'ed. If you have
misspelled it (e.g., `\hobx'), type `I' and the correct
spelling (e.g., `I\hbox'). Otherwise just continue,
and I'll forget about whatever was undefined.

! Missing number, treated as zero.
<to be read again> 
                   \relax 
l.20 ...gnUp}]{FrontendDocsAsPDF/Model/SignUp.pdf}
                                                  
A number should have been here; I inserted `0'.
(If you can't figure out why I needed to see a number,
look up `weird error' in the index to The TeXbook.)


! Package pdfpages Error: Page 1 of `\AM@currentdocname ' does not exist.

See the pdfpages package documentation for explanation.
Type  H <return>  for immediate help.
 ...                                              
                                                  
l.20 ...gnUp}]{FrontendDocsAsPDF/Model/SignUp.pdf}
                                                  
You have set a wrong page number in the `pages' option. Document 
`\AM@currentdocname ' does not have 1 pages.


! LaTeX Error: File `\AM@currentdocname ' not found.

See the LaTeX manual or LaTeX Companion for explanation.
Type  H <return>  for immediate help.
 ...                                              
                                                  
l.20 ...gnUp}]{FrontendDocsAsPDF/Model/SignUp.pdf}
                                                  
I could not locate the file with any of these extensions:
.pdf,.png,.jpg,.mps,.jpeg,.jbig2,.jb2,.PDF,.PNG,.JPG,.JPEG,.JBIG2,.JB2,.eps
Try typing  <return>  to proceed.
If that doesn't work, type  X <return>  to quit.

! Arithmetic overflow.
<recently read> \calc@Acount 
                             
l.20 ...gnUp}]{FrontendDocsAsPDF/Model/SignUp.pdf}
                                                  
I can't carry out that multiplication or division,
since the result is out of range.

! Arithmetic overflow.
<recently read> \calc@Acount 
                             
l.20 ...gnUp}]{FrontendDocsAsPDF/Model/SignUp.pdf}
                                                  
I can't carry out that multiplication or division,
since the result is out of range.


! LaTeX Error: File `\AM@currentdocname ' not found.

See the LaTeX manual or LaTeX Companion for explanation.
Type  H <return>  for immediate help.
 ...                                              
                                                  
l.20 ...gnUp}]{FrontendDocsAsPDF/Model/SignUp.pdf}
                                                  
I could not locate the file with any of these extensions:
.pdf,.png,.jpg,.mps,.jpeg,.jbig2,.jb2,.PDF,.PNG,.JPG,.JPEG,.JBIG2,.JB2,.eps
Try typing  <return>  to proceed.
If that doesn't work, type  X <return>  to quit.


! LaTeX Error: File `\AM@currentdocname ' not found.

See the LaTeX manual or LaTeX Companion for explanation.
Type  H <return>  for immediate help.
 ...                                              
                                                  
l.20 ...gnUp}]{FrontendDocsAsPDF/Model/SignUp.pdf}
                                                  
I could not locate the file with any of these extensions:
.pdf,.png,.jpg,.mps,.jpeg,.jbig2,.jb2,.PDF,.PNG,.JPG,.JPEG,.JBIG2,.JB2,.eps
Try typing  <return>  to proceed.
If that doesn't work, type  X <return>  to quit.


! LaTeX Error: File `\AM@currentdocname ' not found.

See the LaTeX manual or LaTeX Companion for explanation.
Type  H <return>  for immediate help.
 ...                                              
                                                  
l.20 ...gnUp}]{FrontendDocsAsPDF/Model/SignUp.pdf}
                                                  
I could not locate the file with any of these extensions:
.pdf,.png,.jpg,.mps,.jpeg,.jbig2,.jb2,.PDF,.PNG,.JPG,.JPEG,.JBIG2,.JB2,.eps
Try typing  <return>  to proceed.
If that doesn't work, type  X <return>  to quit.


! LaTeX Error: File `\AM@currentdocname ' not found.

See the LaTeX manual or LaTeX Companion for explanation.
Type  H <return>  for immediate help.
 ...                                              
                                                  
l.20 ...gnUp}]{FrontendDocsAsPDF/Model/SignUp.pdf}
                                                  
I could not locate the file with any of these extensions:
.pdf,.png,.jpg,.mps,.jpeg,.jbig2,.jb2,.PDF,.PNG,.JPG,.JPEG,.JBIG2,.JB2,.eps
Try typing  <return>  to proceed.
If that doesn't work, type  X <return>  to quit.

[23]

! Package pdfpages Error: Cannot find file `FrontendDocsAsPDF/Model/SignUp.pdf'
.

See the pdfpages package documentation for explanation.
Type  H <return>  for immediate help.
 ...                                              
                                                  
l.21 ...e=0.8]{FrontendDocsAsPDF/Model/SignUp.pdf}
                                                  
(That was another \errmessage.)


! Package pdfpages Error: Cannot find file `2-'.

See the pdfpages package documentation for explanation.
Type  H <return>  for immediate help.
 ...                                              
                                                  
l.21 ...e=0.8]{FrontendDocsAsPDF/Model/SignUp.pdf}
                                                  
(That was another \errmessage.)

! Undefined control sequence.
\AM@expand@range ...M@i \relax \@tempcntb =\AM@ii 
                                                  \relax \ifnum \@tempcnta <...
l.21 ...e=0.8]{FrontendDocsAsPDF/Model/SignUp.pdf}
                                                  
The control sequence at the end of the top line
of your error message was never \def'ed. If you have
misspelled it (e.g., `\hobx'), type `I' and the correct
spelling (e.g., `I\hbox'). Otherwise just continue,
and I'll forget about whatever was undefined.

! Missing number, treated as zero.
<to be read again> 
                   \relax 
l.21 ...e=0.8]{FrontendDocsAsPDF/Model/SignUp.pdf}
                                                  
A number should have been here; I inserted `0'.
(If you can't figure out why I needed to see a number,
look up `weird error' in the index to The TeXbook.)

! Undefined control sequence.
\AM@checkpagenumber #1->\ifnum #1>\AM@pagecount 
                                                \relax \ifthenelse {\boolean...
l.21 ...e=0.8]{FrontendDocsAsPDF/Model/SignUp.pdf}
                                                  
The control sequence at the end of the top line
of your error message was never \def'ed. If you have
misspelled it (e.g., `\hobx'), type `I' and the correct
spelling (e.g., `I\hbox'). Otherwise just continue,
and I'll forget about whatever was undefined.

! Missing number, treated as zero.
<to be read again> 
                   \relax 
l.21 ...e=0.8]{FrontendDocsAsPDF/Model/SignUp.pdf}
                                                  
A number should have been here; I inserted `0'.
(If you can't figure out why I needed to see a number,
look up `weird error' in the index to The TeXbook.)


! Package pdfpages Error: Page 2 of `\AM@currentdocname ' does not exist.

See the pdfpages package documentation for explanation.
Type  H <return>  for immediate help.
 ...                                              
                                                  
l.21 ...e=0.8]{FrontendDocsAsPDF/Model/SignUp.pdf}
                                                  
You have set a wrong page number in the `pages' option. Document 
`\AM@currentdocname ' does not have 2 pages.

! Undefined control sequence.
\AM@checkpagenumber #1->\ifnum #1>\AM@pagecount 
                                                \relax \ifthenelse {\boolean...
l.21 ...e=0.8]{FrontendDocsAsPDF/Model/SignUp.pdf}
                                                  
The control sequence at the end of the top line
of your error message was never \def'ed. If you have
misspelled it (e.g., `\hobx'), type `I' and the correct
spelling (e.g., `I\hbox'). Otherwise just continue,
and I'll forget about whatever was undefined.

! Missing number, treated as zero.
<to be read again> 
                   \relax 
l.21 ...e=0.8]{FrontendDocsAsPDF/Model/SignUp.pdf}
                                                  
A number should have been here; I inserted `0'.
(If you can't figure out why I needed to see a number,
look up `weird error' in the index to The TeXbook.)


! Package pdfpages Error: Page 1 of `\AM@currentdocname ' does not exist.

See the pdfpages package documentation for explanation.
Type  H <return>  for immediate help.
 ...                                              
                                                  
l.21 ...e=0.8]{FrontendDocsAsPDF/Model/SignUp.pdf}
                                                  
You have set a wrong page number in the `pages' option. Document 
`\AM@currentdocname ' does not have 1 pages.

! Undefined control sequence.
\AM@checkpagenumber #1->\ifnum #1>\AM@pagecount 
                                                \relax \ifthenelse {\boolean...
l.21 ...e=0.8]{FrontendDocsAsPDF/Model/SignUp.pdf}
                                                  
The control sequence at the end of the top line
of your error message was never \def'ed. If you have
misspelled it (e.g., `\hobx'), type `I' and the correct
spelling (e.g., `I\hbox'). Otherwise just continue,
and I'll forget about whatever was undefined.

! Missing number, treated as zero.
<to be read again> 
                   \relax 
l.21 ...e=0.8]{FrontendDocsAsPDF/Model/SignUp.pdf}
                                                  
A number should have been here; I inserted `0'.
(If you can't figure out why I needed to see a number,
look up `weird error' in the index to The TeXbook.)


! LaTeX Error: File `\AM@currentdocname ' not found.

See the LaTeX manual or LaTeX Companion for explanation.
Type  H <return>  for immediate help.
 ...                                              
                                                  
l.21 ...e=0.8]{FrontendDocsAsPDF/Model/SignUp.pdf}
                                                  
I could not locate the file with any of these extensions:
.pdf,.png,.jpg,.mps,.jpeg,.jbig2,.jb2,.PDF,.PNG,.JPG,.JPEG,.JBIG2,.JB2,.eps
Try typing  <return>  to proceed.
If that doesn't work, type  X <return>  to quit.

! Arithmetic overflow.
<recently read> \calc@Acount 
                             
l.21 ...e=0.8]{FrontendDocsAsPDF/Model/SignUp.pdf}
                                                  
I can't carry out that multiplication or division,
since the result is out of range.

! Arithmetic overflow.
<recently read> \calc@Acount 
                             
l.21 ...e=0.8]{FrontendDocsAsPDF/Model/SignUp.pdf}
                                                  
I can't carry out that multiplication or division,
since the result is out of range.


! LaTeX Error: File `\AM@currentdocname ' not found.

See the LaTeX manual or LaTeX Companion for explanation.
Type  H <return>  for immediate help.
 ...                                              
                                                  
l.21 ...e=0.8]{FrontendDocsAsPDF/Model/SignUp.pdf}
                                                  
I could not locate the file with any of these extensions:
.pdf,.png,.jpg,.mps,.jpeg,.jbig2,.jb2,.PDF,.PNG,.JPG,.JPEG,.JBIG2,.JB2,.eps
Try typing  <return>  to proceed.
If that doesn't work, type  X <return>  to quit.


! LaTeX Error: File `\AM@currentdocname ' not found.

See the LaTeX manual or LaTeX Companion for explanation.
Type  H <return>  for immediate help.
 ...                                              
                                                  
l.21 ...e=0.8]{FrontendDocsAsPDF/Model/SignUp.pdf}
                                                  
I could not locate the file with any of these extensions:
.pdf,.png,.jpg,.mps,.jpeg,.jbig2,.jb2,.PDF,.PNG,.JPG,.JPEG,.JBIG2,.JB2,.eps
Try typing  <return>  to proceed.
If that doesn't work, type  X <return>  to quit.


! LaTeX Error: File `\AM@currentdocname ' not found.

See the LaTeX manual or LaTeX Companion for explanation.
Type  H <return>  for immediate help.
 ...                                              
                                                  
l.21 ...e=0.8]{FrontendDocsAsPDF/Model/SignUp.pdf}
                                                  
I could not locate the file with any of these extensions:
.pdf,.png,.jpg,.mps,.jpeg,.jbig2,.jb2,.PDF,.PNG,.JPG,.JPEG,.JBIG2,.JB2,.eps
Try typing  <return>  to proceed.
If that doesn't work, type  X <return>  to quit.


! LaTeX Error: File `\AM@currentdocname ' not found.

See the LaTeX manual or LaTeX Companion for explanation.
Type  H <return>  for immediate help.
 ...                                              
                                                  
l.21 ...e=0.8]{FrontendDocsAsPDF/Model/SignUp.pdf}
                                                  
I could not locate the file with any of these extensions:
.pdf,.png,.jpg,.mps,.jpeg,.jbig2,.jb2,.PDF,.PNG,.JPG,.JPEG,.JBIG2,.JB2,.eps
Try typing  <return>  to proceed.
If that doesn't work, type  X <return>  to quit.

[24]

! LaTeX Error: File `\AM@currentdocname ' not found.

See the LaTeX manual or LaTeX Companion for explanation.
Type  H <return>  for immediate help.
 ...                                              
                                                  
l.21 ...e=0.8]{FrontendDocsAsPDF/Model/SignUp.pdf}
                                                  
I could not locate the file with any of these extensions:
.pdf,.png,.jpg,.mps,.jpeg,.jbig2,.jb2,.PDF,.PNG,.JPG,.JPEG,.JBIG2,.JB2,.eps
Try typing  <return>  to proceed.
If that doesn't work, type  X <return>  to quit.


! LaTeX Error: File `\AM@currentdocname ' not found.

See the La